TN:
SF:/home/peter/workspace/review/assignment-1-nithyu29-master/giftcardreader.c
FN:23,animate
FNDA:0,animate
FN:79,get_gift_card_value
FNDA:3,get_gift_card_value
FN:96,print_gift_card_info
FNDA:3,print_gift_card_info
FN:133,gift_card_json
FNDA:0,gift_card_json
FN:183,gift_card_reader
FNDA:6,gift_card_reader
FN:275,main
FNDA:6,main
DA:23,0
DA:25,0
DA:26,0
DA:27,0
DA:28,0
DA:29,0
DA:31,0
DA:32,0
DA:33,0
DA:34,0
DA:35,0
DA:36,0
DA:37,0
DA:38,0
DA:39,0
DA:40,0
DA:41,0
DA:42,0
DA:43,0
DA:44,0
DA:45,0
DA:46,0
DA:47,0
DA:48,0
DA:49,0
DA:50,0
DA:51,0
DA:52,0
DA:53,0
DA:54,0
DA:55,0
DA:56,0
DA:57,0
DA:58,0
DA:59,0
DA:60,0
DA:61,0
DA:62,0
DA:63,0
DA:64,0
DA:65,0
DA:66,0
DA:67,0
DA:69,0
DA:72,0
DA:75,0
DA:76,0
DA:79,3
DA:83,3
DA:85,3
DA:86,6
DA:87,3
DA:88,3
DA:89,3
DA:90,3
DA:93,3
DA:96,3
DA:102,3
DA:103,3
DA:104,3
DA:105,3
DA:106,6
DA:107,3
DA:108,3
DA:109,3
DA:110,3
DA:111,3
DA:112,3
DA:113,3
DA:116,0
DA:117,0
DA:118,0
DA:120,0
DA:121,0
DA:122,0
DA:124,0
DA:125,0
DA:126,0
DA:129,3
DA:130,3
DA:133,0
DA:137,0
DA:138,0
DA:139,0
DA:140,0
DA:141,0
DA:142,0
DA:143,0
DA:144,0
DA:145,0
DA:146,0
DA:147,0
DA:148,0
DA:149,0
DA:150,0
DA:151,0
DA:154,0
DA:155,0
DA:156,0
DA:158,0
DA:159,0
DA:160,0
DA:161,0
DA:163,0
DA:165,0
DA:167,0
DA:168,0
DA:169,0
DA:171,0
DA:173,0
DA:174,0
DA:176,0
DA:178,0
DA:179,0
DA:180,0
DA:183,6
DA:185,6
DA:191,9
DA:195,6
DA:198,6
DA:199,6
DA:201,6
DA:203,6
DA:204,6
DA:205,6
DA:207,6
DA:208,6
DA:210,6
DA:211,6
DA:213,6
DA:216,9
DA:219,6
DA:221,6
DA:223,6
DA:225,6
DA:227,6
DA:229,6
DA:230,6
DA:234,6
DA:235,3
DA:236,3
DA:242,3
DA:243,3
DA:246,6
DA:247,0
DA:250,0
DA:254,6
DA:255,0
DA:256,0
DA:257,0
DA:258,0
DA:259,0
DA:260,0
DA:261,0
DA:264,6
DA:265,3
DA:266,3
DA:270,3
DA:275,6
DA:276,6
DA:277,0
DA:278,0
DA:279,0
DA:281,6
DA:282,6
DA:283,0
DA:284,0
DA:286,6
DA:287,3
DA:288,0
DA:290,3
end_of_record
