TN:
SF:/home/peter/Assignment-1--test-cases/giftcardreader.c
FN:23,animate
FNDA:46,animate
FN:79,get_gift_card_value
FNDA:86,get_gift_card_value
FN:96,print_gift_card_info
FNDA:86,print_gift_card_info
FN:133,gift_card_json
FNDA:0,gift_card_json
FN:183,gift_card_reader
FNDA:128,gift_card_reader
FN:275,main
FNDA:128,main
DA:23,46
DA:25,46
DA:26,46
DA:27,46
DA:28,46
DA:29,2110
DA:31,2086
DA:32,2086
DA:33,2086
DA:34,2086
DA:35,2057
DA:36,2057
DA:37,0
DA:38,0
DA:39,0
DA:40,0
DA:41,0
DA:42,0
DA:43,0
DA:44,0
DA:45,0
DA:46,0
DA:47,0
DA:48,0
DA:49,0
DA:50,0
DA:51,0
DA:52,0
DA:53,0
DA:54,0
DA:55,0
DA:56,0
DA:57,0
DA:58,0
DA:59,0
DA:60,22
DA:61,22
DA:62,0
DA:63,0
DA:64,0
DA:65,0
DA:66,0
DA:67,0
DA:69,2064
DA:72,2064
DA:75,24
DA:76,46
DA:79,86
DA:83,86
DA:85,86
DA:86,574
DA:87,488
DA:88,488
DA:89,26
DA:90,26
DA:93,86
DA:96,86
DA:102,86
DA:103,86
DA:104,86
DA:105,86
DA:106,574
DA:107,488
DA:108,488
DA:109,26
DA:110,26
DA:111,26
DA:112,26
DA:113,26
DA:116,462
DA:117,19
DA:118,19
DA:120,443
DA:121,46
DA:122,46
DA:124,46
DA:125,46
DA:126,46
DA:129,86
DA:130,86
DA:133,0
DA:137,0
DA:138,0
DA:139,0
DA:140,0
DA:141,0
DA:142,0
DA:143,0
DA:144,0
DA:145,0
DA:146,0
DA:147,0
DA:148,0
DA:149,0
DA:150,0
DA:151,0
DA:154,0
DA:155,0
DA:156,0
DA:158,0
DA:159,0
DA:160,0
DA:161,0
DA:163,0
DA:165,0
DA:167,0
DA:168,0
DA:169,0
DA:171,0
DA:173,0
DA:174,0
DA:176,0
DA:178,0
DA:179,0
DA:180,0
DA:183,128
DA:185,128
DA:191,214
DA:195,128
DA:198,128
DA:199,128
DA:201,128
DA:203,128
DA:204,128
DA:205,128
DA:207,128
DA:208,128
DA:210,128
DA:211,128
DA:213,128
DA:216,646
DA:219,560
DA:221,560
DA:223,560
DA:225,560
DA:227,560
DA:229,560
DA:230,560
DA:234,560
DA:235,30
DA:236,30
DA:242,30
DA:243,30
DA:246,560
DA:247,19
DA:250,19
DA:254,560
DA:255,64
DA:256,64
DA:257,64
DA:258,64
DA:259,64
DA:260,64
DA:261,64
DA:264,560
DA:265,42
DA:266,42
DA:270,86
DA:275,128
DA:276,128
DA:277,0
DA:278,0
DA:279,0
DA:281,128
DA:282,128
DA:283,0
DA:284,0
DA:286,128
DA:287,86
DA:288,0
DA:290,86
end_of_record
